<?xml version="1.0" encoding="UTF-8"?>
<testsuite name="com.adventure.MT9" tests="1" skipped="0" failures="0" errors="0" timestamp="2022-03-01T17:54:17" hostname="LAPTOP-B9SGQHU2" time="0.043">
  <properties/>
  <testcase name="testOmniDoorKey()" classname="com.adventure.MT9" time="0.043"/>
  <system-out><![CDATA[Your solution goes here
The door is unlocked!
]]></system-out>
  <system-err><![CDATA[]]></system-err>
</testsuite>
